빌드 시작: 2021-02-28 오후 11:17:13
     1>2 노드의 "D:\Data\Github\Study_C\Data_Type\Data_Type\Data_Type.vcxproj" 프로젝트(build 대상)입니다.
     1>InitializeBuildStatus:
         "Debug\Data_Type.unsuccessfulbuild"에 연결(touching)하고 있습니다.
       ClCompile:
         D:\Software\Microsoft Visual C++ 2010\VC\bin\CL.exe /c /ZI /nologo /W3 /WX- /Od /Oy- /D WIN32 /D _DEBUG /D _CONSOLE /D _UNICODE /D UNICODE /Gm /EHsc /RTC1 /MDd /GS /fp:precise /Zc:wchar_t /Zc:forScope /Fo"Debug\\" /Fd"Debug\vc100.pdb" /Gd /TC /analyze- /errorReport:prompt Data_Type.c
         Data_Type.c
     1>d:\data\github\study_c\data_type\data_type\data_type.c(1): warning C4067: 전처리기 지시문 다음에 예기치 않은 토큰이 있습니다. 줄 바꿈 문자가 필요합니다.
     1>d:\data\github\study_c\data_type\data_type\data_type.c(6): warning C4013: 'test'이(가) 정의되지 않았습니다. extern은 int형을 반환하는 것으로 간주합니다.
     1>d:\data\github\study_c\data_type\data_type\data_type.c(13): error C2143: 구문 오류 : ';'이(가) '형식' 앞에 없습니다.
     1>d:\data\github\study_c\data_type\data_type\data_type.c(13): error C2143: 구문 오류 : ';'이(가) '형식' 앞에 없습니다.
     1>d:\data\github\study_c\data_type\data_type\data_type.c(13): error C2143: 구문 오류 : ')'이(가) '형식' 앞에 없습니다.
     1>d:\data\github\study_c\data_type\data_type\data_type.c(13): error C2143: 구문 오류 : ';'이(가) '형식' 앞에 없습니다.
     1>d:\data\github\study_c\data_type\data_type\data_type.c(13): error C2065: 'i' : 선언되지 않은 식별자입니다.
     1>d:\data\github\study_c\data_type\data_type\data_type.c(13): warning C4552: '<' : 의미 없는 연산자입니다. 파생 작업이 있는 연산자여야 합니다.
     1>d:\data\github\study_c\data_type\data_type\data_type.c(13): error C2065: 'i' : 선언되지 않은 식별자입니다.
     1>d:\data\github\study_c\data_type\data_type\data_type.c(13): error C2059: 구문 오류 : ')'
     1>d:\data\github\study_c\data_type\data_type\data_type.c(14): error C2143: 구문 오류 : ';'이(가) '{' 앞에 없습니다.
     1>d:\data\github\study_c\data_type\data_type\data_type.c(15): warning C4244: '=' : 'double'에서 'int'(으)로 변환하면서 데이터가 손실될 수 있습니다.
     1>"D:\Data\Github\Study_C\Data_Type\Data_Type\Data_Type.vcxproj" 프로젝트를 빌드했습니다(build 대상). - 실패

빌드하지 못했습니다.

경과 시간: 00:00:00.35
