빌드 시작: 2021-02-24 오후 4:53:44
     1>2 노드의 "D:\Data\Github\Study_C\SimpleProject\SimpleProject\SimpleProject.vcxproj" 프로젝트(build 대상)입니다.
     1>InitializeBuildStatus:
         "Debug\SimpleProject.unsuccessfulbuild"에 연결(touching)하고 있습니다.
       ClCompile:
         D:\Software\Microsoft Visual C++ 2010\VC\bin\CL.exe /c /ZI /nologo /W3 /WX- /Od /Oy- /D WIN32 /D _DEBUG /D _CONSOLE /D _UNICODE /D UNICODE /Gm /EHsc /RTC1 /MDd /GS /fp:precise /Zc:wchar_t /Zc:forScope /Fo"Debug\\" /Fd"Debug\vc100.pdb" /Gd /TC /analyze- /errorReport:prompt Hello.c PrintfOne.c
         PrintfOne.c
         Hello.c
     1>d:\data\github\study_c\simpleproject\simpleproject\hello.c(17): warning C4013: 'exam_1'이(가) 정의되지 않았습니다. extern은 int형을 반환하는 것으로 간주합니다.
     1>d:\data\github\study_c\simpleproject\simpleproject\hello.c(18): warning C4013: 'exam_2'이(가) 정의되지 않았습니다. extern은 int형을 반환하는 것으로 간주합니다.
         코드를 생성하고 있습니다...
       ManifestResourceCompile:
         모든 출력이 최신 상태입니다.
       Link:
         D:\Software\Microsoft Visual C++ 2010\VC\bin\link.exe /ERRORREPORT:PROMPT /OUT:"D:\Data\Github\Study_C\SimpleProject\Debug\SimpleProject.exe" /INCREMENTAL /NOLOGO kernel32.lib user32.lib gdi32.lib winspool.lib comdlg32.lib advapi32.lib shell32.lib ole32.lib oleaut32.lib uuid.lib odbc32.lib odbccp32.lib /MANIFEST /ManifestFile:"Debug\SimpleProject.exe.intermediate.manifest" /MANIFESTUAC:"level='asInvoker' uiAccess='false'" /DEBUG /PDB:"D:\Data\Github\Study_C\SimpleProject\Debug\SimpleProject.pdb" /SUBSYSTEM:CONSOLE /TLBID:1 /DYNAMICBASE /NXCOMPAT /IMPLIB:"D:\Data\Github\Study_C\SimpleProject\Debug\SimpleProject.lib" /MACHINE:X86 Debug\SimpleProject.exe.embed.manifest.res
         Debug\Hello.obj
         Debug\PrintfOne.obj
     1>PrintfOne.obj : error LNK2005: _main이(가) Hello.obj에 이미 정의되어 있습니다.
     1>D:\Data\Github\Study_C\SimpleProject\Debug\SimpleProject.exe : fatal error LNK1169: 여러 번 정의된 기호가 있습니다.
     1>"D:\Data\Github\Study_C\SimpleProject\SimpleProject\SimpleProject.vcxproj" 프로젝트를 빌드했습니다(build 대상). - 실패

빌드하지 못했습니다.

경과 시간: 00:00:00.51
